#
#model:
#
#<?xml version="1.0" encoding="UTF-8" standalone="no"?><input id="posterior" spec="beast.core.util.CompoundDistribution">
#    <distribution id="prior" spec="beast.core.util.CompoundDistribution">
#        <distribution id="YuleModel.t:mbd_twin" spec="beast.evolution.speciation.YuleModel">
#            <parameter id="birthRate.t:mbd_twin" name="birthDiffRate" spec="beast.core.parameter.RealParameter">1.0</parameter>
#            <tree id="Tree.t:mbd_twin" spec="beast.evolution.tree.Tree">
#                <taxonset id="TaxonSet.mbd_twin" spec="beast.evolution.alignment.TaxonSet">
#                </taxonset>
#            </tree>
#        </distribution>
#        <prior id="YuleBirthRatePrior.t:mbd_twin" name="distribution" x="@birthRate.t:mbd_twin">
#            <Uniform id="Uniform.100" name="distr" upper="Infinity"/>
#        </prior>
#        <prior id="KappaPrior.s:mbd_twin" name="distribution">
#            <parameter id="kappa.s:mbd_twin" lower="0.0" name="x" spec="beast.core.parameter.RealParameter">2.0</parameter>
#            <LogNormal id="LogNormalDistributionModel.0" name="distr">
#                <parameter estimate="false" id="RealParameter.0" name="M" spec="beast.core.parameter.RealParameter">1.0</parameter>
#                <parameter estimate="false" id="RealParameter.1" lower="0.0" name="S" spec="beast.core.parameter.RealParameter" upper="Infinity">1.25</parameter>
#            </LogNormal>
#        </prior>
#        <prior id="ClockPrior.c:mbd_twin" name="distribution">
#            <parameter id="clockRate.c:mbd_twin" name="x" spec="beast.core.parameter.RealParameter">1.0</parameter>
#            <Uniform id="Uniform.150" name="distr" upper="Infinity"/>
#        </prior>
#        <distribution id="auto_name_1.prior" monophyletic="true" spec="beast.math.distributions.MRCAPrior" tree="@Tree.t:mbd_twin">
#            <taxonset id="auto_name_1" spec="beast.evolution.alignment.TaxonSet">
#                <taxon id="t12" spec="beast.evolution.alignment.Taxon"/>
#                <taxon id="t17" spec="beast.evolution.alignment.Taxon"/>
#                <taxon id="t2" spec="beast.evolution.alignment.Taxon"/>
#                <taxon id="t19" spec="beast.evolution.alignment.Taxon"/>
#                <taxon id="t18" spec="beast.evolution.alignment.Taxon"/>
#                <taxon id="t7" spec="beast.evolution.alignment.Taxon"/>
#                <taxon id="t14" spec="beast.evolution.alignment.Taxon"/>
#                <taxon id="t20" spec="beast.evolution.alignment.Taxon"/>
#                <taxon id="t21" spec="beast.evolution.alignment.Taxon"/>
#            </taxonset>
#            <Normal id="Normal.151" name="distr">
#                <parameter estimate="false" id="RealParameter.300" name="mean" spec="beast.core.parameter.RealParameter">8.0</parameter>
#                <parameter estimate="false" id="RealParameter.301" name="sigma" spec="beast.core.parameter.RealParameter">1.0E-4</parameter>
#            </Normal>
#        </distribution>
#    </distribution>
#    <distribution id="likelihood" spec="beast.core.util.CompoundDistribution" useThreads="true">
#        <distribution data="@mbd_twin" id="treeLikelihood.mbd_twin" spec="beast.evolution.likelihood.ThreadedTreeLikelihood" tree="@Tree.t:mbd_twin">
#            <siteModel id="SiteModel.s:mbd_twin" spec="beast.evolution.sitemodel.SiteModel">
#                <parameter estimate="false" id="mutationRate.s:mbd_twin" name="mutationRate" spec="beast.core.parameter.RealParameter">1.0</parameter>
#                <parameter estimate="false" id="gammaShape.s:mbd_twin" name="shape" spec="beast.core.parameter.RealParameter">1.0</parameter>
#                <parameter estimate="false" id="proportionInvariant.s:mbd_twin" lower="0.0" name="proportionInvariant" spec="beast.core.parameter.RealParameter" upper="1.0">0.0</parameter>
#                <substModel id="hky.s:mbd_twin" kappa="@kappa.s:mbd_twin" spec="beast.evolution.substitutionmodel.HKY">
#                    <frequencies id="estimatedFreqs.s:mbd_twin" spec="beast.evolution.substitutionmodel.Frequencies">
#                        <parameter dimension="4" id="freqParameter.s:mbd_twin" lower="0.0" name="frequencies" spec="beast.core.parameter.RealParameter" upper="1.0">0.25</parameter>
#                    </frequencies>
#                </substModel>
#            </siteModel>
#            <branchRateModel clock.rate="@clockRate.c:mbd_twin" id="StrictClock.c:mbd_twin" spec="beast.evolution.branchratemodel.StrictClockModel"/>
#        </distribution>
#    </distribution>
#</input>
#
Sample	posterior	likelihood	prior	treeLikelihood.mbd_twin	TreeHeight	kappa	freqParameter.1	freqParameter.2	freqParameter.3	freqParameter.4	YuleModel	birthRate	logP(mrca(auto_name_1))	mrca.age(auto_name_1)	clockRate
0	-2.2083116891373E9	-14522.427828762922	-2.208297166709471E9	-14522.427828762922	1.3542537377452286	2.0	0.25	0.25	0.25	0.25	-4.0218500221296685	1.0	-2.2082971608222613E9	1.3542537377452286	1.0
1000	-719567.1337878264	-10031.091735630647	-709536.0420521958	-10031.091735630647	7.88087595588015	2.0	0.25	0.24504113980179484	0.2544586199511896	0.25050024024701556	-15.573720599466196	0.4001016979666969	-709518.6029715623	7.88087595588015	0.604542839664151
2000	-30222.95027600942	-10031.831371042545	-20191.118904966876	-10031.831371042545	7.979909870890734	2.0	0.25	0.24504113980179484	0.2544586199511896	0.25050024024701556	-16.880565422601048	0.64502842782748	-20172.3729795103	7.979909870890734	0.6150035254749486
3000	-30221.685299979858	-10031.736461993165	-20189.948837986693	-10031.736461993165	7.979909870890734	2.0	0.25	0.24504113980179484	0.2544586199511896	0.25050024024701556	-15.710498442420294	0.43828654696080066	-20172.3729795103	7.979909870890734	0.6528981897435818
