#
#model:
#
#<?xml version="1.0" encoding="UTF-8" standalone="no"?><input id="posterior" spec="beast.core.util.CompoundDistribution">
#    <distribution id="prior" spec="beast.core.util.CompoundDistribution">
#        <distribution id="BirthDeath.t:mbd" spec="beast.evolution.speciation.BirthDeathGernhard08Model">
#            <parameter id="BDDeathRate.t:mbd" lower="0.0" name="relativeDeathRate" spec="beast.core.parameter.RealParameter" upper="1.0">0.5</parameter>
#            <parameter id="BDBirthRate.t:mbd" lower="0.0" name="birthDiffRate" spec="beast.core.parameter.RealParameter" upper="10000.0">1.0</parameter>
#            <tree id="Tree.t:mbd" spec="beast.evolution.tree.Tree">
#                <taxonset id="TaxonSet.mbd" spec="beast.evolution.alignment.TaxonSet">
#                </taxonset>
#            </tree>
#        </distribution>
#        <prior id="BirthRatePrior.t:mbd" name="distribution" x="@BDBirthRate.t:mbd">
#            <Uniform id="Uniform.100" name="distr" upper="Infinity"/>
#        </prior>
#        <prior id="DeathRatePrior.t:mbd" name="distribution" x="@BDDeathRate.t:mbd">
#            <Uniform id="Uniform.101" name="distr" upper="Infinity"/>
#        </prior>
#        <prior id="ClockPrior.c:mbd" name="distribution">
#            <parameter id="clockRate.c:mbd" name="x" spec="beast.core.parameter.RealParameter">1.0</parameter>
#            <Uniform id="Uniform.150" name="distr" upper="Infinity"/>
#        </prior>
#        <distribution id="auto_name_1.prior" monophyletic="true" spec="beast.math.distributions.MRCAPrior" tree="@Tree.t:mbd">
#            <taxonset id="auto_name_1" spec="beast.evolution.alignment.TaxonSet">
#                <taxon id="t12" spec="beast.evolution.alignment.Taxon"/>
#                <taxon id="t17" spec="beast.evolution.alignment.Taxon"/>
#                <taxon id="t2" spec="beast.evolution.alignment.Taxon"/>
#                <taxon id="t19" spec="beast.evolution.alignment.Taxon"/>
#                <taxon id="t18" spec="beast.evolution.alignment.Taxon"/>
#                <taxon id="t7" spec="beast.evolution.alignment.Taxon"/>
#                <taxon id="t14" spec="beast.evolution.alignment.Taxon"/>
#                <taxon id="t20" spec="beast.evolution.alignment.Taxon"/>
#                <taxon id="t21" spec="beast.evolution.alignment.Taxon"/>
#            </taxonset>
#            <Normal id="Normal.151" name="distr">
#                <parameter estimate="false" id="RealParameter.300" name="mean" spec="beast.core.parameter.RealParameter">8.0</parameter>
#                <parameter estimate="false" id="RealParameter.301" name="sigma" spec="beast.core.parameter.RealParameter">1.0E-4</parameter>
#            </Normal>
#        </distribution>
#    </distribution>
#    <distribution id="likelihood" spec="beast.core.util.CompoundDistribution" useThreads="true">
#        <distribution data="@mbd" id="treeLikelihood.mbd" spec="beast.evolution.likelihood.ThreadedTreeLikelihood" tree="@Tree.t:mbd">
#            <siteModel id="SiteModel.s:mbd" spec="beast.evolution.sitemodel.SiteModel">
#                <parameter estimate="false" id="mutationRate.s:mbd" name="mutationRate" spec="beast.core.parameter.RealParameter">1.0</parameter>
#                <parameter estimate="false" id="gammaShape.s:mbd" name="shape" spec="beast.core.parameter.RealParameter">1.0</parameter>
#                <parameter estimate="false" id="proportionInvariant.s:mbd" lower="0.0" name="proportionInvariant" spec="beast.core.parameter.RealParameter" upper="1.0">0.0</parameter>
#                <substModel id="JC69.s:mbd" spec="beast.evolution.substitutionmodel.JukesCantor"/>
#            </siteModel>
#            <branchRateModel clock.rate="@clockRate.c:mbd" id="StrictClock.c:mbd" spec="beast.evolution.branchratemodel.StrictClockModel"/>
#        </distribution>
#    </distribution>
#</input>
#
Sample	posterior	likelihood	prior	treeLikelihood.mbd	TreeHeight	BirthDeath	BDBirthRate	BDDeathRate	logP(mrca(auto_name_1))	mrca.age(auto_name_1)	clockRate
0	-2.2083096981541977E9	-12535.135288953601	-2.208297163018909E9	-12535.135288953601	1.3542537377452286	-2.196647762114365	1.0	0.5	-2.2082971608222613E9	1.3542537377452286	1.0
1000	-20660.705789658903	-8454.938780831086	-12205.76700882782	-8454.938780831086	8.015616687638657	-20.011770497853053	0.8390824749540783	0.14538986509080792	-12185.755238329966	8.015616687638657	0.27990056025961263
2000	-20319.877592068864	-8450.090009423551	-11869.787582645313	-8450.090009423551	8.015402697483477	-15.924496108475264	0.2888405363648748	0.15278857434310328	-11853.863086536838	8.015402697483477	0.29308070231147254
3000	-8615.768084710513	-8447.010041383584	-168.75804332692906	-8447.010041383584	7.998204106293726	-15.787734953996504	0.329153368625212	0.6947064902919804	-152.97030837293255	7.998204106293726	0.27158211708283125
