#
#model:
#
#<?xml version="1.0" encoding="UTF-8" standalone="no"?><input id="posterior" spec="beast.core.util.CompoundDistribution">
#    <distribution id="prior" spec="beast.core.util.CompoundDistribution">
#        <distribution id="BirthDeath.t:mbd_twin_evidence" spec="beast.evolution.speciation.BirthDeathGernhard08Model">
#            <parameter id="BDDeathRate.t:mbd_twin_evidence" lower="0.0" name="relativeDeathRate" spec="beast.core.parameter.RealParameter" upper="1.0">0.5</parameter>
#            <parameter id="BDBirthRate.t:mbd_twin_evidence" lower="0.0" name="birthDiffRate" spec="beast.core.parameter.RealParameter" upper="10000.0">1.0</parameter>
#            <tree id="Tree.t:mbd_twin_evidence" spec="beast.evolution.tree.Tree">
#                <taxonset id="TaxonSet.mbd_twin_evidence" spec="beast.evolution.alignment.TaxonSet">
#                </taxonset>
#            </tree>
#        </distribution>
#        <prior id="BirthRatePrior.t:mbd_twin_evidence" name="distribution" x="@BDBirthRate.t:mbd_twin_evidence">
#            <Uniform id="Uniform.100" name="distr" upper="Infinity"/>
#        </prior>
#        <prior id="DeathRatePrior.t:mbd_twin_evidence" name="distribution" x="@BDDeathRate.t:mbd_twin_evidence">
#            <Uniform id="Uniform.101" name="distr" upper="Infinity"/>
#        </prior>
#        <prior id="ClockPrior.c:mbd_twin_evidence" name="distribution">
#            <parameter id="clockRate.c:mbd_twin_evidence" name="x" spec="beast.core.parameter.RealParameter">1.0</parameter>
#            <Uniform id="Uniform.150" name="distr" upper="Infinity"/>
#        </prior>
#        <distribution id="auto_name_1.prior" monophyletic="true" spec="beast.math.distributions.MRCAPrior" tree="@Tree.t:mbd_twin_evidence">
#            <taxonset id="auto_name_1" spec="beast.evolution.alignment.TaxonSet">
#                <taxon id="t1" spec="beast.evolution.alignment.Taxon"/>
#                <taxon id="t8" spec="beast.evolution.alignment.Taxon"/>
#                <taxon id="t6" spec="beast.evolution.alignment.Taxon"/>
#                <taxon id="t9" spec="beast.evolution.alignment.Taxon"/>
#                <taxon id="t13" spec="beast.evolution.alignment.Taxon"/>
#                <taxon id="t11" spec="beast.evolution.alignment.Taxon"/>
#                <taxon id="t16" spec="beast.evolution.alignment.Taxon"/>
#                <taxon id="t7" spec="beast.evolution.alignment.Taxon"/>
#                <taxon id="t5" spec="beast.evolution.alignment.Taxon"/>
#                <taxon id="t14" spec="beast.evolution.alignment.Taxon"/>
#                <taxon id="t12" spec="beast.evolution.alignment.Taxon"/>
#                <taxon id="t10" spec="beast.evolution.alignment.Taxon"/>
#                <taxon id="t3" spec="beast.evolution.alignment.Taxon"/>
#                <taxon id="t15" spec="beast.evolution.alignment.Taxon"/>
#            </taxonset>
#            <Normal id="Normal.151" name="distr">
#                <parameter estimate="false" id="RealParameter.300" name="mean" spec="beast.core.parameter.RealParameter">8.0</parameter>
#                <parameter estimate="false" id="RealParameter.301" name="sigma" spec="beast.core.parameter.RealParameter">1.0E-4</parameter>
#            </Normal>
#        </distribution>
#    </distribution>
#    <distribution id="likelihood" spec="beast.core.util.CompoundDistribution" useThreads="true">
#        <distribution data="@mbd_twin_evidence" id="treeLikelihood.mbd_twin_evidence" spec="beast.evolution.likelihood.ThreadedTreeLikelihood" tree="@Tree.t:mbd_twin_evidence">
#            <siteModel id="SiteModel.s:mbd_twin_evidence" spec="beast.evolution.sitemodel.SiteModel">
#                <parameter estimate="false" id="mutationRate.s:mbd_twin_evidence" name="mutationRate" spec="beast.core.parameter.RealParameter">1.0</parameter>
#                <parameter estimate="false" id="gammaShape.s:mbd_twin_evidence" name="shape" spec="beast.core.parameter.RealParameter">1.0</parameter>
#                <parameter estimate="false" id="proportionInvariant.s:mbd_twin_evidence" lower="0.0" name="proportionInvariant" spec="beast.core.parameter.RealParameter" upper="1.0">0.0</parameter>
#                <substModel id="JC69.s:mbd_twin_evidence" spec="beast.evolution.substitutionmodel.JukesCantor"/>
#            </siteModel>
#            <branchRateModel clock.rate="@clockRate.c:mbd_twin_evidence" id="StrictClock.c:mbd_twin_evidence" spec="beast.evolution.branchratemodel.StrictClockModel"/>
#        </distribution>
#    </distribution>
#</input>
#
Sample	NSlikelihood	posterior	likelihood	prior	treeLikelihood.mbd_twin_evidence	TreeHeight	BirthDeath	BDBirthRate	BDDeathRate	logP(mrca(auto_name_1))	mrca.age(auto_name_1)	clockRate
0	-19378.65561845782	-19550.25200729764	-19378.65561845782	-171.5963888398215	-19378.65561845782	7.998260455515016	-28.58703991669379	0.30318659659314706	0.6263634553915985	-143.0093489231277	7.998260455515016	16.938936948079863
1	-18984.39736654669	-19111.43950934992	-18984.39736654669	-127.04214280322722	-18984.39736654669	7.998564840650162	-32.349426670617625	0.19150548038001916	0.30475336070904474	-94.69271613260959	7.998564840650162	4.572757944883428
2	-18915.81373899742	-19039.23454630463	-18915.81373899742	-123.42080730720787	-18915.81373899742	7.998564840650162	-28.728091174598276	0.08750439584756808	0.6953607843077909	-94.69271613260959	7.998564840650162	17.766012031783777
3	-18467.092217879388	-18579.265371866655	-18467.092217879388	-112.1731539872688	-18467.092217879388	7.998564840650162	-17.48043785465922	0.19149139753425581	0.8983279006143409	-94.69271613260959	7.998564840650162	295.14512577426785
4	-18448.658648302066	-18566.84768477086	-18448.658648302066	-118.18903646879517	-18448.658648302066	7.998564840650162	-23.496320336185576	0.22466583810567656	0.6635996054757285	-94.69271613260959	7.998564840650162	413.67092729177705
5	-18318.17373521839	-18433.834025831726	-18318.17373521839	-115.66029061333316	-18318.17373521839	7.998564840650162	-20.967574480723577	0.23452647054488301	0.7800391090917776	-94.69271613260959	7.998564840650162	234.09996102955543
6	-18296.37906939229	-18418.27331343046	-18296.37906939229	-121.89424403817189	-18296.37906939229	7.998564840650162	-27.2015279055623	0.2931440571616656	0.6215577468813832	-94.69271613260959	7.998564840650162	844.0373523250578
7	-18290.42283918406	-18408.937973809112	-18290.42283918406	-118.51513462505483	-18290.42283918406	7.998564840650162	-23.822418492445244	0.32866379031627735	0.5694582363706128	-94.69271613260959	7.998564840650162	918.9231136412152
8	-18070.604434036013	-18186.62256560761	-18070.604434036013	-116.01813157159532	-18070.604434036013	7.998564840650162	-21.325415438985733	0.3911294492930835	0.5250177327173571	-94.69271613260959	7.998564840650162	19.707209554952744
9	-17466.059549513968	-17591.290618421604	-17466.059549513968	-125.23106890763803	-17466.059549513968	7.998564840650162	-30.538352775028446	0.10279038643568175	0.4361707073795619	-94.69271613260959	7.998564840650162	207.49811341757768
10	-17420.583849976767	-17520.623299506937	-17420.583849976767	-100.03944953017083	-17420.583849976767	7.998564840650162	-5.34673339756124	0.31557616099572433	0.9627582633310465	-94.69271613260959	7.998564840650162	14.443509204538426
11	-17346.545317114458	-17468.21061238512	-17346.545317114458	-121.66529527066096	-17346.545317114458	7.998564840650162	-26.972579138051373	0.09379291683371399	0.8633732819576245	-94.69271613260959	7.998564840650162	0.43287623338326153
12	-16899.69023237786	-16933.16007577975	-16899.69023237786	-33.469843401891396	-16899.69023237786	7.999302156810108	-17.411989356740868	0.29811736293812596	0.7632146437065531	-16.057854045150528	7.999302156810108	0.8292406722336702
13	-16847.74434017637	-16893.342942902826	-16847.74434017637	-45.59860272645612	-16847.74434017637	7.999302156810108	-29.540748681305594	0.15386379850108087	0.7962379961807586	-16.057854045150528	7.999302156810108	1.2692437343887035
14	-16649.530129256145	-16695.35618621028	-16649.530129256145	-45.82605695413426	-16649.530129256145	7.999302156810108	-29.768202908983728	0.10286982641753224	0.8783632745958374	-16.057854045150528	7.999302156810108	0.13567895895982846
15	-15029.200044884336	-15070.298000101157	-15029.200044884336	-41.09795521682138	-15029.200044884336	7.999302156810108	-25.040101171670855	0.4497413799260766	0.23578955110509908	-16.057854045150528	7.999302156810108	0.32200620792306117
16	-14670.535433845467	-14716.245185648568	-14670.535433845467	-45.7097518031003	-14670.535433845467	7.999302156810108	-29.651897757949776	0.3520526850216663	0.5910664684534109	-16.057854045150528	7.999302156810108	0.17943770668588271
17	-14444.35545049862	-14483.895835128971	-14444.35545049862	-39.54038463035013	-14444.35545049862	7.999380883169432	-28.666503974505005	0.13921504233530305	0.7786196599478373	-10.873880655845124	7.999380883169432	0.1801139933523356
18	-14333.423382450928	-14375.930773093634	-14333.423382450928	-42.50739064270573	-14333.423382450928	7.999380883169432	-31.63350998686061	0.45555122018032584	0.29647344483982485	-10.873880655845124	7.999380883169432	0.1634862919906431
19	-14106.015992262981	-14142.873845681235	-14106.015992262981	-36.85785341825439	-14106.015992262981	7.9994322002560985	-29.029427798293668	0.22696963615221147	0.452138528702683	-7.828425619960726	7.9994322002560985	0.08540388378648839
20	-13907.458903880291	-13937.77744866705	-13907.458903880291	-30.31854478675836	-13907.458903880291	7.9994322002560985	-22.490119166797633	0.3190811047486589	0.5993417007860493	-7.828425619960726	7.9994322002560985	0.1431696551483652
21	-13669.725960426902	-13709.14280241724	-13669.725960426902	-39.41684199033894	-13669.725960426902	7.9994322002560985	-31.58841637037821	0.14542773825298907	0.4424968387277072	-7.828425619960726	7.9994322002560985	0.0706284343522659
22	-13104.692759498923	-13143.018510532345	-13104.692759498923	-38.32575103342166	-13104.692759498923	7.9994322002560985	-30.497325413460935	0.1970284437086881	0.4437307660530225	-7.828425619960726	7.9994322002560985	0.06079332116440496
23	-12918.070935544534	-12959.816847721615	-12918.070935544534	-41.74591217708104	-12918.070935544534	7.9994322002560985	-33.91748655712031	0.16050208687184941	0.4821975943661305	-7.828425619960726	7.9994322002560985	0.09746061461528364
24	-12890.173220205528	-12924.476959042053	-12890.173220205528	-34.30373883652403	-12890.173220205528	7.9994322002560985	-26.475313216563304	0.14926703079263207	0.5879701390089551	-7.828425619960726	7.9994322002560985	0.133638422300662
25	-12854.363830875538	-12891.233807862249	-12854.363830875538	-36.86997698671058	-12854.363830875538	7.9994322002560985	-29.04155136674986	0.2997818655389493	0.7915443081025577	-7.828425619960726	7.9994322002560985	0.20887438250889354
26	-12832.63384693254	-12869.572697021293	-12832.63384693254	-36.93885008875347	-12832.63384693254	7.9994322002560985	-29.11042446879274	0.30294521925124535	0.3753508379224018	-7.828425619960726	7.9994322002560985	0.12449662250086611
27	-12332.281495771194	-12369.540257341185	-12332.281495771194	-37.25876156999024	-12332.281495771194	7.9994322002560985	-29.430335950029516	0.4082158131854322	0.19067783067716895	-7.828425619960726	7.9994322002560985	0.15622671300535138
28	-12310.156734521013	-12347.306938050024	-12310.156734521013	-37.150203529011364	-12310.156734521013	7.9994322002560985	-29.321777909050635	0.1840618362688788	0.07683600284265966	-7.828425619960726	7.9994322002560985	0.0848594587692267
29	-12286.99818835416	-12314.881154081782	-12286.99818835416	-27.882965727621393	-12286.99818835416	7.999575760576408	-27.175413139916866	0.5231071146870977	0.059109988514591094	-0.7075525877045266	7.999575760576408	0.12787227253715427
30	-11954.810614679485	-11981.789784850253	-11954.810614679485	-26.97917017076748	-11954.810614679485	7.999575760576408	-26.27161758306295	0.3788385661382545	0.2934684280854372	-0.7075525877045266	7.999575760576408	0.14117340687049398
31	-11873.83242085041	-11902.306780209616	-11873.83242085041	-28.47435935920733	-11873.83242085041	7.999575760576408	-27.766806771502804	0.198409377664227	0.7996587312136963	-0.7075525877045266	7.999575760576408	0.139963718550416
32	-11790.252777365722	-11810.308112926845	-11790.252777365722	-20.055335561123222	-11790.252777365722	8.000076184612148	-28.056532643489533	0.26069844115487595	0.2311886166132884	8.001197082366309	8.000076184612148	0.09059880068942468
33	-11716.915988223374	-11739.673672404935	-11716.915988223374	-22.757684181559895	-11716.915988223374	8.000076184612148	-30.758881263926206	0.16512055286074115	0.45034888529484296	8.001197082366309	8.000076184612148	0.06393309868078456
34	-11695.761810083957	-11715.432950655726	-11695.761810083957	-19.67114057176967	-11695.761810083957	8.000076184612148	-27.67233765413598	0.353270497133455	0.28627965402148714	8.001197082366309	8.000076184612148	0.13528586366568635
35	-11694.295360541379	-11718.522030467368	-11694.295360541379	-24.226669925989384	-11694.295360541379	8.000076184612148	-32.227867008355695	0.30745144055555335	0.5151972959527116	8.001197082366309	8.000076184612148	0.08061402492328089
36	-11649.585737095043	-11673.311504615498	-11649.585737095043	-23.725767520454664	-11649.585737095043	8.000058562313678	-31.845692130063004	0.5156708670224373	0.29403486859250577	8.11992460960834	8.000058562313678	0.12712666806491318
37	-11529.862958577527	-11553.223409722355	-11529.862958577527	-23.360451144828126	-11529.862958577527	8.000058562313678	-31.480375754436466	0.0934915024913651	0.8799946514269076	8.11992460960834	8.000058562313678	0.09628361936901751
38	-11519.592780071198	-11542.93838762332	-11519.592780071198	-23.34560755212343	-11519.592780071198	8.000058562313678	-31.46553216173177	0.14215486479454786	0.14609162900846642	8.11992460960834	8.000058562313678	0.09580955741757002
39	-11505.14227422842	-11527.873623518772	-11505.14227422842	-22.73134929035227	-11505.14227422842	8.000058562313678	-30.85127389996061	0.18465175150820431	0.7725032410489374	8.11992460960834	8.000058562313678	0.08744241095995654
40	-11472.77308718284	-11492.07353437801	-11472.77308718284	-19.30044719517074	-11472.77308718284	8.000058562313678	-27.42037180477908	0.1645143222253526	0.6137903478477637	8.11992460960834	8.000058562313678	0.1173209112686066
41	-11459.1499920891	-11482.29783718479	-11459.1499920891	-23.147845095689952	-11459.1499920891	8.000058562313678	-31.267769705298292	0.3044737203437705	0.28831345560443866	8.11992460960834	8.000058562313678	0.09471456566284774
42	-11454.8336340046	-11476.942332724453	-11454.8336340046	-22.10869871985173	-11454.8336340046	8.000058562313678	-30.22862332946007	0.15852838279398218	0.2934969293501948	8.11992460960834	8.000058562313678	0.08988999613570461
43	-11453.655796477258	-11475.442011963685	-11453.655796477258	-21.786215486426563	-11453.655796477258	8.000058562313678	-29.906140096034903	0.24865365134649872	0.32114536317369513	8.11992460960834	8.000058562313678	0.08171789650863291
44	-11435.860545891628	-11456.516453502565	-11435.860545891628	-20.655907610937806	-11435.860545891628	8.000058562313678	-28.775832220546146	0.21798877844431377	0.43470715904187923	8.11992460960834	8.000058562313678	0.08142740087136344
45	-11428.65516495131	-11450.300761546969	-11428.65516495131	-21.645596595658642	-11428.65516495131	8.000058562313678	-29.76552120526698	0.14832069093668276	0.3651971326740132	8.11992460960834	8.000058562313678	0.09163235470290529
46	-11421.678740782156	-11446.851703841356	-11421.678740782156	-25.17296305920018	-11421.678740782156	8.000058562313678	-33.29288766880852	0.04359048584189219	0.8416574673381293	8.11992460960834	8.000058562313678	0.0728160286773817
47	-11407.828204970592	-11430.305380221711	-11407.828204970592	-22.477175251117913	-11407.828204970592	8.000058562313678	-30.597099860726253	0.26475233198354053	0.32250966381226875	8.11992460960834	8.000058562313678	0.0763773509597035
48	-11406.495290190453	-11428.60148134694	-11406.495290190453	-22.106191156486407	-11406.495290190453	8.000058562313678	-30.226115766094747	0.355199502942984	0.09874891393985964	8.11992460960834	8.000058562313678	0.10510132083336285
49	-11405.274984353464	-11423.40678494923	-11405.274984353464	-18.131800595764684	-11405.274984353464	8.000058562313678	-26.251725205373024	0.38448848787674694	0.3642007538923653	8.11992460960834	8.000058562313678	0.12599623656279377
50	-11386.461543770405	-11407.8068723885	-11386.461543770405	-21.345328618095206	-11386.461543770405	8.000058562313678	-29.465253227703545	0.3511305128180935	0.3710518815287671	8.11992460960834	8.000058562313678	0.1009183137871722
51	-11382.594379734088	-11401.966709775888	-11382.594379734088	-19.37233004180102	-11382.594379734088	8.000058562313678	-27.49225465140936	0.10314646484512169	0.7436089489201168	8.11992460960834	8.000058562313678	0.11789799587489111
52	-11381.63549612018	-11402.166233712795	-11381.63549612018	-20.530737592614972	-11381.63549612018	8.000058562313678	-28.650662202223312	0.21566619556774336	0.4293214629519956	8.11992460960834	8.000058562313678	0.1137486731451306
53	-11380.595653871082	-11401.88268211448	-11380.595653871082	-21.287028243397923	-11380.595653871082	8.000058562313678	-29.406952853006263	0.2445080862582504	0.26386766484524227	8.11992460960834	8.000058562313678	0.09691084104357055
54	-11379.819745640394	-11399.205749067969	-11379.819745640394	-19.38600342757494	-11379.819745640394	7.999986493542333	-27.668284046410985	0.12689666652357706	0.6107244139886063	8.282280618836046	7.999986493542333	0.12051722957585574
55	-11376.449885229067	-11397.829985828983	-11376.449885229067	-21.380100599915167	-11376.449885229067	7.999986493542333	-29.662381218751214	0.2995146533547361	0.1432748307239544	8.282280618836046	7.999986493542333	0.0924914396543864
56	-11372.442930573356	-11394.275741655318	-11372.442930573356	-21.8328110819619	-11372.442930573356	7.999986493542333	-30.115091700797944	0.1554508496817465	0.6469651900181279	8.282280618836046	7.999986493542333	0.09361196902387545
57	-11371.750514008158	-11392.35113562438	-11371.750514008158	-20.60062161622244	-11371.750514008158	7.999986493542333	-28.882902235058484	0.38208419513623204	0.043053310782809384	8.282280618836046	7.999986493542333	0.09595615899786644
58	-11361.43828096128	-11382.555903210776	-11361.43828096128	-21.11762224949539	-11361.43828096128	7.999986493542333	-29.399902868331438	0.28287197382257356	0.31617768330349905	8.282280618836046	7.999986493542333	0.0921946471270853
59	-11356.296324145582	-11383.504254229421	-11356.296324145582	-27.20793008384009	-11356.296324145582	7.999743518470321	-32.21019316929763	0.22503048646912757	0.7581398470563244	5.002263085457541	7.999743518470321	0.09026022531036054
60	-11356.236691154323	-11381.173391539201	-11356.236691154323	-24.936700384877895	-11356.236691154323	7.999743518470321	-29.938963470335434	0.25397294531969095	0.48671173701433246	5.002263085457541	7.999743518470321	0.0949695772340155
61	-11356.02855029267	-11380.390753042568	-11356.02855029267	-24.362202749896674	-11356.02855029267	7.999743518470321	-29.364465835354213	0.24785819778256288	0.5251634562716243	5.002263085457541	7.999743518470321	0.09876894113746473
62	-11355.601703854154	-11379.056970325511	-11355.601703854154	-23.455266471358243	-11355.601703854154	7.999743518470321	-28.457529556815786	0.3612990130008162	0.21632354393759712	5.002263085457541	7.999743518470321	0.10606123616721774
63	-11354.318436523234	-11380.317204066594	-11354.318436523234	-25.998767543361076	-11354.318436523234	7.999743518470321	-31.001030628818615	0.1262774859662627	0.3757085873976695	5.002263085457541	7.999743518470321	0.09421075112722989
64	-11352.775463943684	-11378.4479123882	-11352.775463943684	-25.67244844451435	-11352.775463943684	7.999743518470321	-30.674711529971894	0.30205195076272146	0.19264581295975372	5.002263085457541	7.999743518470321	0.0852480743825226
65	-11352.405784584036	-11377.279102958024	-11352.405784584036	-24.87331837398733	-11352.405784584036	7.999743518470321	-29.875581459444874	0.1993859803358982	0.08127919088695325	5.002263085457541	7.999743518470321	0.09587115681779702
66	-11347.28437963706	-11372.959313870657	-11347.28437963706	-25.674934233597085	-11347.28437963706	7.999743518470321	-30.677197319054624	0.20389430869374653	0.5486609410684891	5.002263085457541	7.999743518470321	0.0827938577178512
67	-11346.364206478593	-11371.553260969626	-11346.364206478593	-25.189054491033232	-11346.364206478593	7.999743518470321	-30.191317576490775	0.1755917574630839	0.224313945656844	5.002263085457541	7.999743518470321	0.09403981749055042
68	-11345.266853936391	-11371.131114641552	-11345.266853936391	-25.864260705159772	-11345.266853936391	7.999743518470321	-30.866523790617315	0.09839909494071597	0.517138671522106	5.002263085457541	7.999743518470321	0.09676644456810794
69	-11344.103175786993	-11368.736159415666	-11344.103175786993	-24.632983628673863	-11344.103175786993	7.999743518470321	-29.635246714131405	0.34304624204644263	0.32763658255223127	5.002263085457541	7.999743518470321	0.09722552493038458
70	-11339.18831988887	-11363.387952033849	-11339.18831988887	-24.199632144978885	-11339.18831988887	7.999743518470321	-29.201895230436428	0.3295894166001868	0.001504807821196515	5.002263085457541	7.999743518470321	0.0955267372529488
71	-11338.518970733187	-11363.148560144653	-11338.518970733187	-24.62958941146683	-11338.518970733187	7.999743518470321	-29.63185249692437	0.31177547195576716	0.4343757201719922	5.002263085457541	7.999743518470321	0.09629878222806865
72	-11337.706481183512	-11362.271952589612	-11337.706481183512	-24.565471406099967	-11337.706481183512	7.999738009474017	-29.424921459626926	0.1920596217106859	0.23575251965028904	4.85945005352696	7.999738009474017	0.09771128889898176
73	-11337.315919862818	-11362.99680739058	-11337.315919862818	-25.680887527761154	-11337.315919862818	7.999738009474017	-30.540337581288114	0.1000820570276369	0.5416050762455742	4.85945005352696	7.999738009474017	0.09837942213810455
74	-11336.94414224058	-11361.072690178862	-11336.94414224058	-24.12854793828161	-11336.94414224058	7.999738009474017	-28.98799799180857	0.2702277439281413	0.19536232629994588	4.85945005352696	7.999738009474017	0.10075908743406177
75	-11336.725843926664	-11362.613893563175	-11336.725843926664	-25.888049636510136	-11336.725843926664	7.999738009474017	-30.747499690037095	0.2607558939192877	0.6954785702391796	4.85945005352696	7.999738009474017	0.09650890755618595
76	-11336.53810000005	-11361.399443174283	-11336.53810000005	-24.861343174232488	-11336.53810000005	7.999738009474017	-29.720793227759447	0.23269718732633543	0.5813210766096034	4.85945005352696	7.999738009474017	0.09144832119729734
77	-11335.297383549369	-11360.127418801861	-11335.297383549369	-24.83003525249207	-11335.297383549369	7.999738009474017	-29.68948530601903	0.3224445787447427	0.290964891382057	4.85945005352696	7.999738009474017	0.0938166705967082
78	-11335.067562454322	-11359.864638038447	-11335.067562454322	-24.79707558412465	-11335.067562454322	7.999738009474017	-29.656525637651608	0.30562750575549086	0.08560148389141112	4.85945005352696	7.999738009474017	0.09218373716893899
79	-11334.417866495378	-11359.419077501723	-11334.417866495378	-25.00121100634612	-11334.417866495378	7.999738009474017	-29.86066105987308	0.19839835965520683	0.03262524146526804	4.85945005352696	7.999738009474017	0.09688440159509872
80	-11334.310537357667	-11358.790081434032	-11334.310537357667	-24.479544076365276	-11334.310537357667	7.999738009474017	-29.338994129892235	0.2615477962730615	0.044701431533878976	4.85945005352696	7.999738009474017	0.0967183968952601
81	-11334.155635816698	-11358.378977046455	-11334.155635816698	-24.223341229756944	-11334.155635816698	7.999738009474017	-29.082791283283903	0.22253667394655455	0.09018568739869968	4.85945005352696	7.999738009474017	0.09878943852073749
82	-11334.030738079986	-11358.616447685628	-11334.030738079986	-24.585709605643277	-11334.030738079986	7.999738009474017	-29.445159659170237	0.06874695861534302	0.8158773755608782	4.85945005352696	7.999738009474017	0.0969382842522842
83	-11334.025108836475	-11358.212917501529	-11334.025108836475	-24.187808665053556	-11334.025108836475	7.999738009474017	-29.047258718580515	0.09451115881751451	0.802861204012371	4.85945005352696	7.999738009474017	0.09970771062816501
84	-11333.21299913276	-11357.730114053342	-11333.21299913276	-24.51711492058113	-11333.21299913276	7.999738009474017	-29.37656497410809	0.33753126120016547	0.08786651039836917	4.85945005352696	7.999738009474017	0.09789289345589437
85	-11333.166869463565	-11357.693970965627	-11333.166869463565	-24.527101502063207	-11333.166869463565	7.999738009474017	-29.386551555590167	0.30127610509891706	0.06446404603025856	4.85945005352696	7.999738009474017	0.0948855893836707
86	-11333.118305039836	-11358.998566977936	-11333.118305039836	-25.880261938100077	-11333.118305039836	7.999738009474017	-30.739711991627036	0.17103887488754208	0.022659933796940927	4.85945005352696	7.999738009474017	0.09358787584806555
87	-11333.089368527826	-11358.266490183238	-11333.089368527826	-25.17712165541167	-11333.089368527826	7.999738009474017	-30.03657170893863	0.3811746302133349	0.05094318826808153	4.85945005352696	7.999738009474017	0.09503837353337873
88	-11333.079564392034	-11357.755741172492	-11333.079564392034	-24.67617678045768	-11333.079564392034	7.999738009474017	-29.53562683398464	0.10977141792537978	0.7607213220110098	4.85945005352696	7.999738009474017	0.09397380956807938
89	-11333.039347888489	-11357.360260150954	-11333.039347888489	-24.32091226246396	-11333.039347888489	7.999738009474017	-29.18036231599092	0.26106926476897124	0.25835016445057385	4.85945005352696	7.999738009474017	0.095700948114828
90	-11332.930296946668	-11357.602469986843	-11332.930296946668	-24.67217304017595	-11332.930296946668	7.999738009474017	-29.53162309370291	0.21367597628651597	0.5762543836857063	4.85945005352696	7.999738009474017	0.09391291840796781
91	-11332.809597891275	-11354.65050241522	-11332.809597891275	-21.840904523944335	-11332.809597891275	7.999942287601058	-29.965770313136186	0.1027011414900093	0.6631406942099451	8.124865789191851	7.999942287601058	0.0933349551668475
92	-11332.7890685879	-11354.20799713016	-11332.7890685879	-21.418928542259003	-11332.7890685879	7.999942287601058	-29.543794331450854	0.18231798226941429	0.5778541734519489	8.124865789191851	7.999942287601058	0.09235651629491284
93	-11332.770400144098	-11354.472138877525	-11332.770400144098	-21.70173873342646	-11332.770400144098	8.000015015721013	-29.98186697832057	0.2414570811104226	0.5569693209968163	8.280128244894112	8.000015015721013	0.09284267086878159
94	-11332.762491479836	-11353.834881734616	-11332.762491479836	-21.072390254779737	-11332.762491479836	8.000015015721013	-29.35251849967385	0.18522936112205812	0.5154163724448633	8.280128244894112	8.000015015721013	0.09359735853506965
95	-11332.69621016631	-11354.072779126891	-11332.69621016631	-21.376568960580492	-11332.69621016631	8.000015015721013	-29.656697205474604	0.12505719215007058	0.6321299128722339	8.280128244894112	8.000015015721013	0.09338405426023802
96	-11332.681493883618	-11353.643443594534	-11332.681493883618	-20.961949710916738	-11332.681493883618	8.000015015721013	-29.24207795581085	0.19937369401136376	0.4694891223492945	8.280128244894112	8.000015015721013	0.09507137677227648
97	-11332.660668825725	-11353.734796187515	-11332.660668825725	-21.07412736178908	-11332.660668825725	8.000015015721013	-29.354255606683193	0.18435947768522767	0.4645975139023926	8.280128244894112	8.000015015721013	0.09463082925362998
98	-11332.541347943736	-11353.526577998	-11332.541347943736	-20.985230054263592	-11332.541347943736	8.000015015721013	-29.265358299157704	0.2965301163732551	0.15588133205629015	8.280128244894112	8.000015015721013	0.09485204701046243
99	-11332.505056793854	-11353.856847252087	-11332.505056793854	-21.351790458232397	-11332.505056793854	8.000015015721013	-29.63191870312651	0.17109804066695733	0.3443915010384014	8.280128244894112	8.000015015721013	0.09398071853199505
100	-11332.49570710588	-11353.595989005218	-11332.49570710588	-21.10028189933791	-11332.49570710588	8.000015015721013	-29.380410144232023	0.2243350611356223	0.5674309302535423	8.280128244894112	8.000015015721013	0.09546380362153362
101	-11332.415140920659	-11353.316796868347	-11332.415140920659	-20.901655947687022	-11332.415140920659	8.000015015721013	-29.181784192581134	0.2678958255620557	0.25585051151415283	8.280128244894112	8.000015015721013	0.09509217307128726
102	-11332.410316119696	-11355.087237406104	-11332.410316119696	-22.676921286407044	-11332.410316119696	7.999866318367412	-30.07478418061364	0.18715584683123138	0.7483852142089398	7.397862894206597	7.999866318367412	0.09565993472298481
103	-11332.39462792564	-11354.148382580399	-11332.39462792564	-21.75375465475942	-11332.39462792564	7.999866318367412	-29.151617548966016	0.214945840554968	0.37589725048954037	7.397862894206597	7.999866318367412	0.09563667488317569
104	-11332.35759537513	-11354.161281010607	-11332.35759537513	-21.803685635478207	-11332.35759537513	7.999866318367412	-29.201548529684803	0.26307108803790746	0.18905062773971593	7.397862894206597	7.999866318367412	0.09594083746057412
105	-11332.318194703	-11356.2777226933	-11332.318194703	-23.95952799029803	-11332.318194703	7.999834326328904	-30.878541564352116	0.2666765451455444	0.686717753241856	6.919013574054085	7.999834326328904	0.0953142684542417
106	-11332.315917762888	-11354.977174992047	-11332.315917762888	-22.661257229159094	-11332.315917762888	7.999834326328904	-29.58027080321318	0.3094396852202321	0.32178655610242735	6.919013574054085	7.999834326328904	0.09531805184303706
107	-11332.29553590539	-11355.133701657118	-11332.29553590539	-22.838165751727573	-11332.29553590539	7.999834326328904	-29.757179325781657	0.2497784892606415	0.5703819602136074	6.919013574054085	7.999834326328904	0.095266822074403
108	-11332.291698824345	-11354.780704197727	-11332.291698824345	-22.489005373380888	-11332.291698824345	7.999834326328904	-29.40801894743497	0.19698898889315758	0.28641230717729643	6.919013574054085	7.999834326328904	0.09515510372211568
109	-11332.291460258491	-11354.618664981805	-11332.291460258491	-22.327204723312356	-11332.291460258491	7.999834326328904	-29.24621829736644	0.1932477462733729	0.573693349495083	6.919013574054085	7.999834326328904	0.09532074147815575
110	-11332.290451460547	-11357.663963672092	-11332.290451460547	-25.373512211544494	-11332.290451460547	7.999834326328904	-32.29252578559858	0.46371644946088625	0.3137727635674711	6.919013574054085	7.999834326328904	0.09468076196901572
111	-11332.284808789906	-11354.712995702881	-11332.284808789906	-22.428186912974766	-11332.284808789906	7.999834326328904	-29.34720048702885	0.1720518670171106	0.6338826868169413	6.919013574054085	7.999834326328904	0.09480413436032012
112	-11332.274508733084	-11357.387259934228	-11332.274508733084	-25.112751201144896	-11332.274508733084	7.999834326328904	-32.03176477519898	0.42558747829096205	0.39873166376129926	6.919013574054085	7.999834326328904	0.09452218575861897
113	-11332.272904432906	-11354.710697356928	-11332.272904432906	-22.437792924022435	-11332.272904432906	7.999834326328904	-29.35680649807652	0.23492551048975402	0.20351916564134764	6.919013574054085	7.999834326328904	0.09416568469386533
114	-11332.267531866228	-11354.64508695781	-11332.267531866228	-22.377555091581524	-11332.267531866228	7.999834326328904	-29.296568665635608	0.2334145037494461	0.33470246977693924	6.919013574054085	7.999834326328904	0.09441427042191489
115	-11332.25746688512	-11354.923161210112	-11332.25746688512	-22.665694324992366	-11332.25746688512	7.999834326328904	-29.58470789904645	0.298811242246837	0.3089281869493938	6.919013574054085	7.999834326328904	0.09441427042191489
116	-11332.257407838133	-11355.251214165803	-11332.257407838133	-22.99380632766873	-11332.257407838133	7.999834326328904	-29.912819901722813	0.2603374327132442	0.5528987441185321	6.919013574054085	7.999834326328904	0.09466841004589674
117	-11332.250608865465	-11357.358333475744	-11332.250608865465	-25.107724610280115	-11332.250608865465	7.999834326328904	-32.0267381843342	0.4801447852623758	0.15802343329257917	6.919013574054085	7.999834326328904	0.09420652394846168
118	-11332.248623044648	-11354.630217764417	-11332.248623044648	-22.38159471976939	-11332.248623044648	7.999834326328904	-29.300608293823473	0.2491774366553695	0.19152307017098424	6.919013574054085	7.999834326328904	0.09437143417439608
119	-11332.245676117482	-11354.687162774851	-11332.245676117482	-22.441486657369392	-11332.245676117482	7.999834326328904	-29.360500231423476	0.16673770763080403	0.509921804373346	6.919013574054085	7.999834326328904	0.09426742976317137
120	-11332.240534979499	-11355.056351501169	-11332.240534979499	-22.815816521670314	-11332.240534979499	7.999834326328904	-29.734830095724398	0.20853430293067338	0.0865546133653072	6.919013574054085	7.999834326328904	0.09423285350935066
121	-11332.24019653233	-11355.028070152626	-11332.24019653233	-22.787873620296388	-11332.24019653233	7.999834326328904	-29.70688719435047	0.22263134345413874	0.6104121080871308	6.919013574054085	7.999834326328904	0.09423285350935066
122	-11332.237937008289	-11355.12034424687	-11332.237937008289	-22.882407238582132	-11332.237937008289	7.999834326328904	-29.801420812636216	0.1258784813565792	0.5532204059084476	6.919013574054085	7.999834326328904	0.0944359226561777
123	-11332.2373314112	-11355.704237601632	-11332.2373314112	-23.46690619043361	-11332.2373314112	7.999834326328904	-30.385919764487692	0.37527687980500835	0.24627698485606395	6.919013574054085	7.999834326328904	0.0944359226561777
124	-11332.233085472746	-11355.038292319345	-11332.233085472746	-22.805206846598608	-11332.233085472746	7.999834326328904	-29.724220420652692	0.18145107869141688	0.2568630493456684	6.919013574054085	7.999834326328904	0.09436137596918728
125	-11332.22657763023	-11354.712050761185	-11332.22657763023	-22.48547313095481	-11332.22657763023	7.999834326328904	-29.404486705008892	0.13673841066501996	0.6414512783638846	6.919013574054085	7.999834326328904	0.09436137596918728
126	-11332.226506430667	-11354.873122491208	-11332.226506430667	-22.646616060541724	-11332.226506430667	7.999834326328904	-29.56562963459581	0.10947340185493575	0.6975194529226445	6.919013574054085	7.999834326328904	0.09436137596918728
127	-11332.226381830365	-11357.421989095988	-11332.226381830365	-25.195607265623032	-11332.226381830365	7.999834326328904	-32.114620839677116	0.34212368935886306	0.6321210252095055	6.919013574054085	7.999834326328904	0.09436137596918728
128	-11332.226223567517	-11354.810074770621	-11332.226223567517	-22.58385120310403	-11332.226223567517	7.999834326328904	-29.502864777158113	0.23612544055799334	0.052357818442738346	6.919013574054085	7.999834326328904	0.09436137596918728
129	-11332.225273664755	-11354.940128470143	-11332.225273664755	-22.71485480538775	-11332.225273664755	7.999834326328904	-29.633868379441832	0.15216589892974333	0.4609787544867712	6.919013574054085	7.999834326328904	0.09436137596918728
130	-11332.225007005634	-11354.856416562561	-11332.225007005634	-22.631409556926137	-11332.225007005634	7.999834326328904	-29.55042313098022	0.14253400624439164	0.5390868981574009	6.919013574054085	7.999834326328904	0.09436137596918728
131	-11332.223896145351	-11354.778450209431	-11332.223896145351	-22.554554064079856	-11332.223896145351	7.999834326328904	-29.47356763813394	0.18055379123207999	0.655729133639684	6.919013574054085	7.999834326328904	0.09442502482345033
132	-11332.223828395421	-11353.493437144329	-11332.223828395421	-21.2696087489074	-11332.223828395421	7.9999408517299155	-29.386084694979676	0.2496720343165208	0.42221129452724276	8.116475946072276	7.9999408517299155	0.09446748827864744
133	-11332.223807874667	-11353.920668494755	-11332.223807874667	-21.69686062008779	-11332.223807874667	7.9999408517299155	-29.813336566160068	0.11911439565642652	0.5835321603359344	8.116475946072276	7.9999408517299155	0.09446748827864744
134	-11332.223570429156	-11353.549584729575	-11332.223570429156	-21.32601430041977	-11332.223570429156	7.9999408517299155	-29.44249024649205	0.17918795040524044	0.3899194512869218	8.116475946072276	7.9999408517299155	0.09452220893227936
135	-11332.223462206339	-11353.403254337316	-11332.223462206339	-21.179792130977873	-11332.223462206339	7.9999408517299155	-29.29626807705015	0.2569607703047729	0.294261304437715	8.116475946072276	7.9999408517299155	0.09447492958197677
136	-11332.22199391649	-11353.491445958818	-11332.22199391649	-21.26945204232765	-11332.22199391649	7.9999408517299155	-29.385927988399924	0.3005082135401954	0.05661201409581304	8.116475946072276	7.9999408517299155	0.09447492958197677
137	-11332.221956947835	-11353.404059275368	-11332.221956947835	-21.18210232753279	-11332.221956947835	7.9999408517299155	-29.298578273605067	0.25361191405817124	0.3180296595831982	8.116475946072276	7.9999408517299155	0.09437923287231728
138	-11332.221850582691	-11353.719237665277	-11332.221850582691	-21.497387082584623	-11332.221850582691	7.9999408517299155	-29.6138630286569	0.28139055850892325	0.40016337630818066	8.116475946072276	7.9999408517299155	0.09437923287231728
139	-11332.22183733424	-11353.456982966132	-11332.22183733424	-21.23514563189221	-11332.22183733424	7.9999408517299155	-29.351621577964483	0.21183771069733037	0.2766400398806022	8.116475946072276	7.9999408517299155	0.09437923287231728
140	-11332.221783403857	-11353.435739275868	-11332.221783403857	-21.213955872011915	-11332.221783403857	7.9999408517299155	-29.330431818084193	0.23996717079742397	0.4254299579055228	8.116475946072276	7.9999408517299155	0.09437923287231728
141	-11332.221523603808	-11353.702853328621	-11332.221523603808	-21.481329724812845	-11332.221523603808	7.999926968193599	-29.506049326277516	0.136223430375984	0.5832142549401459	8.024719601464671	7.999926968193599	0.09446277094949979
